{
  "uid" : "226debdff7d18ab",
  "name" : "Account login",
  "fullName" : "tests.test_add_new_services.TestAddNewServices#test_login",
  "historyId" : "228e38d513cb30ccf4ed3a06049cb00d",
  "time" : {
    "start" : 1732903646759,
    "stop" : 1732903687361,
    "duration" : 40602
  },
  "status" : "broken",
  "statusMessage" : "selenium.common.exceptions.TimeoutException: Message:",
  "statusTrace" : "self = <test_add_new_services.TestAddNewServices object at 0x7feae6d698b0>\n\n    @allure.title(\"Account login\")\n    @allure.severity(Severity.CRITICAL)\n    @pytest.mark.smoke\n    def test_login(self):\n        self.login_page.open()\n        self.login_page.login(os.getenv(\"LOGIN_DOCKER\"), os.getenv(\"PASSWORD_DOCKER\"))\n>       self.request_page.is_opened()\n\ntests/test_add_new_services.py:47: \n_ _ _ _ _ _ _ _ _ _ _ _ _ _ _ _ _ _ _ _ _ _ _ _ _ _ _ _ _ _ _ _ _ _ _ _ _ _ _ _ \nbase/base_page.py:33: in is_opened\n    self.wait.until(self.EC.url_contains(self._PAGE_URL))\n_ _ _ _ _ _ _ _ _ _ _ _ _ _ _ _ _ _ _ _ _ _ _ _ _ _ _ _ _ _ _ _ _ _ _ _ _ _ _ _ \n\nself = <selenium.webdriver.support.wait.WebDriverWait (session=\"130a4272ef89725b1a819f6713994da1\")>\nmethod = <function url_contains.<locals>._predicate at 0x7feae5e9a840>\nmessage = ''\n\n    def until(self, method: Callable[[D], Union[Literal[False], T]], message: str = \"\") -> T:\n        \"\"\"Calls the method provided with the driver as an argument until the \\\n        return value does not evaluate to ``False``.\n    \n        :param method: callable(WebDriver)\n        :param message: optional message for :exc:`TimeoutException`\n        :returns: the result of the last call to `method`\n        :raises: :exc:`selenium.common.exceptions.TimeoutException` if timeout occurs\n        \"\"\"\n        screen = None\n        stacktrace = None\n    \n        end_time = time.monotonic() + self._timeout\n        while True:\n            try:\n                value = method(self._driver)\n                if value:\n                    return value\n            except self._ignored_exceptions as exc:\n                screen = getattr(exc, \"screen\", None)\n                stacktrace = getattr(exc, \"stacktrace\", None)\n            if time.monotonic() > end_time:\n                break\n            time.sleep(self._poll)\n>       raise TimeoutException(message, screen, stacktrace)\nE       selenium.common.exceptions.TimeoutException: Message:\n\n../local/lib/python3.12/site-packages/selenium/webdriver/support/wait.py:105: TimeoutException",
  "flaky" : false,
  "newFailed" : false,
  "beforeStages" : [ {
    "name" : "take_screenshot_on_failure",
    "time" : {
      "start" : 1732903646758,
      "stop" : 1732903646758,
      "duration" : 0
    },
    "status" : "passed",
    "steps" : [ ],
    "attachments" : [ ],
    "parameters" : [ ],
    "attachmentsCount" : 0,
    "shouldDisplayMessage" : false,
    "stepsCount" : 0,
    "hasContent" : false
  }, {
    "name" : "_session_faker",
    "time" : {
      "start" : 1732903645943,
      "stop" : 1732903645947,
      "duration" : 4
    },
    "status" : "passed",
    "steps" : [ ],
    "attachments" : [ ],
    "parameters" : [ ],
    "attachmentsCount" : 0,
    "shouldDisplayMessage" : false,
    "stepsCount" : 0,
    "hasContent" : false
  }, {
    "name" : "driver",
    "time" : {
      "start" : 1732903645947,
      "stop" : 1732903646757,
      "duration" : 810
    },
    "status" : "passed",
    "steps" : [ ],
    "attachments" : [ ],
    "parameters" : [ ],
    "attachmentsCount" : 0,
    "shouldDisplayMessage" : false,
    "stepsCount" : 0,
    "hasContent" : false
  }, {
    "name" : "_xunit_setup_method_fixture_TestAddNewServices",
    "time" : {
      "start" : 1732903646758,
      "stop" : 1732903646758,
      "duration" : 0
    },
    "status" : "passed",
    "steps" : [ ],
    "attachments" : [ ],
    "parameters" : [ ],
    "attachmentsCount" : 0,
    "shouldDisplayMessage" : false,
    "stepsCount" : 0,
    "hasContent" : false
  } ],
  "testStage" : {
    "status" : "broken",
    "statusMessage" : "selenium.common.exceptions.TimeoutException: Message:",
    "statusTrace" : "self = <test_add_new_services.TestAddNewServices object at 0x7feae6d698b0>\n\n    @allure.title(\"Account login\")\n    @allure.severity(Severity.CRITICAL)\n    @pytest.mark.smoke\n    def test_login(self):\n        self.login_page.open()\n        self.login_page.login(os.getenv(\"LOGIN_DOCKER\"), os.getenv(\"PASSWORD_DOCKER\"))\n>       self.request_page.is_opened()\n\ntests/test_add_new_services.py:47: \n_ _ _ _ _ _ _ _ _ _ _ _ _ _ _ _ _ _ _ _ _ _ _ _ _ _ _ _ _ _ _ _ _ _ _ _ _ _ _ _ \nbase/base_page.py:33: in is_opened\n    self.wait.until(self.EC.url_contains(self._PAGE_URL))\n_ _ _ _ _ _ _ _ _ _ _ _ _ _ _ _ _ _ _ _ _ _ _ _ _ _ _ _ _ _ _ _ _ _ _ _ _ _ _ _ \n\nself = <selenium.webdriver.support.wait.WebDriverWait (session=\"130a4272ef89725b1a819f6713994da1\")>\nmethod = <function url_contains.<locals>._predicate at 0x7feae5e9a840>\nmessage = ''\n\n    def until(self, method: Callable[[D], Union[Literal[False], T]], message: str = \"\") -> T:\n        \"\"\"Calls the method provided with the driver as an argument until the \\\n        return value does not evaluate to ``False``.\n    \n        :param method: callable(WebDriver)\n        :param message: optional message for :exc:`TimeoutException`\n        :returns: the result of the last call to `method`\n        :raises: :exc:`selenium.common.exceptions.TimeoutException` if timeout occurs\n        \"\"\"\n        screen = None\n        stacktrace = None\n    \n        end_time = time.monotonic() + self._timeout\n        while True:\n            try:\n                value = method(self._driver)\n                if value:\n                    return value\n            except self._ignored_exceptions as exc:\n                screen = getattr(exc, \"screen\", None)\n                stacktrace = getattr(exc, \"stacktrace\", None)\n            if time.monotonic() > end_time:\n                break\n            time.sleep(self._poll)\n>       raise TimeoutException(message, screen, stacktrace)\nE       selenium.common.exceptions.TimeoutException: Message:\n\n../local/lib/python3.12/site-packages/selenium/webdriver/support/wait.py:105: TimeoutException",
    "steps" : [ {
      "name" : "Page open https://sdesk.qa.eft-pos.ru/login",
      "time" : {
        "start" : 1732903646759,
        "stop" : 1732903674739,
        "duration" : 27980
      },
      "status" : "passed",
      "steps" : [ ],
      "attachments" : [ ],
      "parameters" : [ ],
      "attachmentsCount" : 0,
      "shouldDisplayMessage" : false,
      "stepsCount" : 0,
      "hasContent" : false
    }, {
      "name" : "Account login",
      "time" : {
        "start" : 1732903674739,
        "stop" : 1732903675340,
        "duration" : 601
      },
      "status" : "passed",
      "steps" : [ {
        "name" : "Enter login",
        "time" : {
          "start" : 1732903674739,
          "stop" : 1732903674817,
          "duration" : 78
        },
        "status" : "passed",
        "steps" : [ ],
        "attachments" : [ ],
        "parameters" : [ {
          "name" : "login",
          "value" : "''"
        } ],
        "attachmentsCount" : 0,
        "shouldDisplayMessage" : false,
        "stepsCount" : 0,
        "hasContent" : true
      }, {
        "name" : "Enter password",
        "time" : {
          "start" : 1732903674817,
          "stop" : 1732903674884,
          "duration" : 67
        },
        "status" : "passed",
        "steps" : [ ],
        "attachments" : [ ],
        "parameters" : [ {
          "name" : "password",
          "value" : "''"
        } ],
        "attachmentsCount" : 0,
        "shouldDisplayMessage" : false,
        "stepsCount" : 0,
        "hasContent" : true
      }, {
        "name" : "Click on button login",
        "time" : {
          "start" : 1732903674884,
          "stop" : 1732903675340,
          "duration" : 456
        },
        "status" : "passed",
        "steps" : [ ],
        "attachments" : [ ],
        "parameters" : [ ],
        "attachmentsCount" : 0,
        "shouldDisplayMessage" : false,
        "stepsCount" : 0,
        "hasContent" : false
      } ],
      "attachments" : [ ],
      "parameters" : [ {
        "name" : "login",
        "value" : "''"
      }, {
        "name" : "password",
        "value" : "''"
      } ],
      "attachmentsCount" : 0,
      "shouldDisplayMessage" : false,
      "stepsCount" : 3,
      "hasContent" : true
    }, {
      "name" : "Page https://sdesk.qa.eft-pos.ru/requests is opened",
      "time" : {
        "start" : 1732903675340,
        "stop" : 1732903687360,
        "duration" : 12020
      },
      "status" : "broken",
      "statusMessage" : "selenium.common.exceptions.TimeoutException: Message: \n\n",
      "statusTrace" : "  File \"/usr/workspace/base/base_page.py\", line 33, in is_opened\n    self.wait.until(self.EC.url_contains(self._PAGE_URL))\n  File \"/usr/local/lib/python3.12/site-packages/selenium/webdriver/support/wait.py\", line 105, in until\n    raise TimeoutException(message, screen, stacktrace)\n",
      "steps" : [ ],
      "attachments" : [ ],
      "parameters" : [ ],
      "attachmentsCount" : 0,
      "shouldDisplayMessage" : true,
      "stepsCount" : 0,
      "hasContent" : true
    } ],
    "attachments" : [ ],
    "parameters" : [ ],
    "attachmentsCount" : 0,
    "shouldDisplayMessage" : true,
    "stepsCount" : 6,
    "hasContent" : true
  },
  "afterStages" : [ {
    "name" : "take_screenshot_on_failure::0",
    "time" : {
      "start" : 1732903687401,
      "stop" : 1732903687518,
      "duration" : 117
    },
    "status" : "passed",
    "steps" : [ ],
    "attachments" : [ {
      "uid" : "84186b7863d2ff12",
      "name" : "Screen on failure",
      "source" : "84186b7863d2ff12.png",
      "type" : "image/png",
      "size" : 39318
    } ],
    "parameters" : [ ],
    "attachmentsCount" : 1,
    "shouldDisplayMessage" : false,
    "stepsCount" : 0,
    "hasContent" : true
  }, {
    "name" : "driver::0",
    "time" : {
      "start" : 1732903687518,
      "stop" : 1732903687585,
      "duration" : 67
    },
    "status" : "passed",
    "steps" : [ ],
    "attachments" : [ ],
    "parameters" : [ ],
    "attachmentsCount" : 0,
    "shouldDisplayMessage" : false,
    "stepsCount" : 0,
    "hasContent" : false
  }, {
    "name" : "_xunit_setup_method_fixture_TestAddNewServices::0",
    "time" : {
      "start" : 1732903687401,
      "stop" : 1732903687401,
      "duration" : 0
    },
    "status" : "passed",
    "steps" : [ ],
    "attachments" : [ ],
    "parameters" : [ ],
    "attachmentsCount" : 0,
    "shouldDisplayMessage" : false,
    "stepsCount" : 0,
    "hasContent" : false
  } ],
  "labels" : [ {
    "name" : "severity",
    "value" : "critical"
  }, {
    "name" : "story",
    "value" : "New services"
  }, {
    "name" : "epic",
    "value" : "Services"
  }, {
    "name" : "tag",
    "value" : "smoke"
  }, {
    "name" : "parentSuite",
    "value" : "tests"
  }, {
    "name" : "suite",
    "value" : "test_add_new_services"
  }, {
    "name" : "subSuite",
    "value" : "TestAddNewServices"
  }, {
    "name" : "host",
    "value" : "82e3a2656aee"
  }, {
    "name" : "thread",
    "value" : "9-MainThread"
  }, {
    "name" : "framework",
    "value" : "pytest"
  }, {
    "name" : "language",
    "value" : "cpython3"
  }, {
    "name" : "package",
    "value" : "tests.test_add_new_services"
  }, {
    "name" : "resultFormat",
    "value" : "allure2"
  } ],
  "parameters" : [ ],
  "links" : [ ],
  "hidden" : false,
  "retry" : false,
  "extra" : {
    "severity" : "critical",
    "retries" : [ ],
    "categories" : [ {
      "name" : "Test defects",
      "matchedStatuses" : [ ],
      "flaky" : false
    } ],
    "history" : {
      "statistic" : {
        "failed" : 0,
        "broken" : 5,
        "skipped" : 0,
        "passed" : 1,
        "unknown" : 0,
        "total" : 6
      },
      "items" : [ {
        "uid" : "5c550c9deaa95652",
        "reportUrl" : "https://RuslanSR-dev.github.io/gh-docker//#testresult/5c550c9deaa95652",
        "status" : "passed",
        "time" : {
          "start" : 1732903281810,
          "stop" : 1732903306411,
          "duration" : 24601
        }
      }, {
        "uid" : "8a235fe9db8ca8bd",
        "reportUrl" : "https://RuslanSR-dev.github.io/gh-docker//#testresult/8a235fe9db8ca8bd",
        "status" : "broken",
        "statusDetails" : "selenium.common.exceptions.TimeoutException: Message:",
        "time" : {
          "start" : 1732902995626,
          "stop" : 1732903032964,
          "duration" : 37338
        }
      }, {
        "uid" : "c8ad5d32bd52dc08",
        "reportUrl" : "https://RuslanSR-dev.github.io/gh-docker//#testresult/c8ad5d32bd52dc08",
        "status" : "broken",
        "statusDetails" : "selenium.common.exceptions.TimeoutException: Message:",
        "time" : {
          "start" : 1732902407606,
          "stop" : 1732902446318,
          "duration" : 38712
        }
      }, {
        "uid" : "50d68b7f18a4381a",
        "reportUrl" : "https://RuslanSR-dev.github.io/gh-docker//#testresult/50d68b7f18a4381a",
        "status" : "broken",
        "statusDetails" : "selenium.common.exceptions.TimeoutException: Message:",
        "time" : {
          "start" : 1732902144255,
          "stop" : 1732902175418,
          "duration" : 31163
        }
      }, {
        "uid" : "12020aeceb46f17d",
        "reportUrl" : "https://RuslanSR-dev.github.io/gh-docker//#testresult/12020aeceb46f17d",
        "status" : "broken",
        "statusDetails" : "selenium.common.exceptions.TimeoutException: Message:",
        "time" : {
          "start" : 1732900856843,
          "stop" : 1732900882273,
          "duration" : 25430
        }
      } ]
    },
    "tags" : [ "smoke" ]
  },
  "source" : "226debdff7d18ab.json",
  "parameterValues" : [ ]
}