{
  "uid" : "874c8d7d93664849",
  "name" : "Create a new request",
  "fullName" : "tests.test_add_new_services.TestAddNewServices#test_create_new_request",
  "historyId" : "a11523a7060bd6db37e62ce2f20289cd",
  "time" : {
    "start" : 1732902146026,
    "stop" : 1732902185499,
    "duration" : 39473
  },
  "status" : "broken",
  "statusMessage" : "selenium.common.exceptions.TimeoutException: Message:",
  "statusTrace" : "self = <test_add_new_services.TestAddNewServices object at 0x7f090d8c0dd0>\n\n    @allure.title(\"Create a new request\")\n    @allure.severity(Severity.TRIVIAL)\n    @pytest.mark.smoke\n    def test_create_new_request(self):\n        self.login_page.open()\n        self.login_page.login(os.getenv(\"LOGIN_DOCKER\"), os.getenv(\"PASSWORD_DOCKER\"))\n>       self.request_page.is_opened()\n\ntests/test_add_new_services.py:55: \n_ _ _ _ _ _ _ _ _ _ _ _ _ _ _ _ _ _ _ _ _ _ _ _ _ _ _ _ _ _ _ _ _ _ _ _ _ _ _ _ \nbase/base_page.py:33: in is_opened\n    self.wait.until(self.EC.url_contains(self._PAGE_URL))\n_ _ _ _ _ _ _ _ _ _ _ _ _ _ _ _ _ _ _ _ _ _ _ _ _ _ _ _ _ _ _ _ _ _ _ _ _ _ _ _ \n\nself = <selenium.webdriver.support.wait.WebDriverWait (session=\"d6645da17993a22da4847784fe4eb1a7\")>\nmethod = <function url_contains.<locals>._predicate at 0x7f090f9dea20>\nmessage = ''\n\n    def until(self, method: Callable[[D], Union[Literal[False], T]], message: str = \"\") -> T:\n        \"\"\"Calls the method provided with the driver as an argument until the \\\n        return value does not evaluate to ``False``.\n    \n        :param method: callable(WebDriver)\n        :param message: optional message for :exc:`TimeoutException`\n        :returns: the result of the last call to `method`\n        :raises: :exc:`selenium.common.exceptions.TimeoutException` if timeout occurs\n        \"\"\"\n        screen = None\n        stacktrace = None\n    \n        end_time = time.monotonic() + self._timeout\n        while True:\n            try:\n                value = method(self._driver)\n                if value:\n                    return value\n            except self._ignored_exceptions as exc:\n                screen = getattr(exc, \"screen\", None)\n                stacktrace = getattr(exc, \"stacktrace\", None)\n            if time.monotonic() > end_time:\n                break\n            time.sleep(self._poll)\n>       raise TimeoutException(message, screen, stacktrace)\nE       selenium.common.exceptions.TimeoutException: Message:\n\n../local/lib/python3.12/site-packages/selenium/webdriver/support/wait.py:105: TimeoutException",
  "flaky" : false,
  "newFailed" : false,
  "beforeStages" : [ {
    "name" : "driver",
    "time" : {
      "start" : 1732902145572,
      "stop" : 1732902146025,
      "duration" : 453
    },
    "status" : "passed",
    "steps" : [ ],
    "attachments" : [ ],
    "parameters" : [ ],
    "attachmentsCount" : 0,
    "shouldDisplayMessage" : false,
    "stepsCount" : 0,
    "hasContent" : false
  }, {
    "name" : "_xunit_setup_method_fixture_TestAddNewServices",
    "time" : {
      "start" : 1732902146025,
      "stop" : 1732902146025,
      "duration" : 0
    },
    "status" : "passed",
    "steps" : [ ],
    "attachments" : [ ],
    "parameters" : [ ],
    "attachmentsCount" : 0,
    "shouldDisplayMessage" : false,
    "stepsCount" : 0,
    "hasContent" : false
  } ],
  "testStage" : {
    "status" : "broken",
    "statusMessage" : "selenium.common.exceptions.TimeoutException: Message:",
    "statusTrace" : "self = <test_add_new_services.TestAddNewServices object at 0x7f090d8c0dd0>\n\n    @allure.title(\"Create a new request\")\n    @allure.severity(Severity.TRIVIAL)\n    @pytest.mark.smoke\n    def test_create_new_request(self):\n        self.login_page.open()\n        self.login_page.login(os.getenv(\"LOGIN_DOCKER\"), os.getenv(\"PASSWORD_DOCKER\"))\n>       self.request_page.is_opened()\n\ntests/test_add_new_services.py:55: \n_ _ _ _ _ _ _ _ _ _ _ _ _ _ _ _ _ _ _ _ _ _ _ _ _ _ _ _ _ _ _ _ _ _ _ _ _ _ _ _ \nbase/base_page.py:33: in is_opened\n    self.wait.until(self.EC.url_contains(self._PAGE_URL))\n_ _ _ _ _ _ _ _ _ _ _ _ _ _ _ _ _ _ _ _ _ _ _ _ _ _ _ _ _ _ _ _ _ _ _ _ _ _ _ _ \n\nself = <selenium.webdriver.support.wait.WebDriverWait (session=\"d6645da17993a22da4847784fe4eb1a7\")>\nmethod = <function url_contains.<locals>._predicate at 0x7f090f9dea20>\nmessage = ''\n\n    def until(self, method: Callable[[D], Union[Literal[False], T]], message: str = \"\") -> T:\n        \"\"\"Calls the method provided with the driver as an argument until the \\\n        return value does not evaluate to ``False``.\n    \n        :param method: callable(WebDriver)\n        :param message: optional message for :exc:`TimeoutException`\n        :returns: the result of the last call to `method`\n        :raises: :exc:`selenium.common.exceptions.TimeoutException` if timeout occurs\n        \"\"\"\n        screen = None\n        stacktrace = None\n    \n        end_time = time.monotonic() + self._timeout\n        while True:\n            try:\n                value = method(self._driver)\n                if value:\n                    return value\n            except self._ignored_exceptions as exc:\n                screen = getattr(exc, \"screen\", None)\n                stacktrace = getattr(exc, \"stacktrace\", None)\n            if time.monotonic() > end_time:\n                break\n            time.sleep(self._poll)\n>       raise TimeoutException(message, screen, stacktrace)\nE       selenium.common.exceptions.TimeoutException: Message:\n\n../local/lib/python3.12/site-packages/selenium/webdriver/support/wait.py:105: TimeoutException",
    "steps" : [ {
      "name" : "Page open https://sdesk.qa.eft-pos.ru/login",
      "time" : {
        "start" : 1732902146026,
        "stop" : 1732902172862,
        "duration" : 26836
      },
      "status" : "passed",
      "steps" : [ ],
      "attachments" : [ ],
      "parameters" : [ ],
      "attachmentsCount" : 0,
      "shouldDisplayMessage" : false,
      "stepsCount" : 0,
      "hasContent" : false
    }, {
      "name" : "Account login",
      "time" : {
        "start" : 1732902172863,
        "stop" : 1732902173480,
        "duration" : 617
      },
      "status" : "passed",
      "steps" : [ {
        "name" : "Enter login",
        "time" : {
          "start" : 1732902172863,
          "stop" : 1732902172966,
          "duration" : 103
        },
        "status" : "passed",
        "steps" : [ ],
        "attachments" : [ ],
        "parameters" : [ {
          "name" : "login",
          "value" : "''"
        } ],
        "attachmentsCount" : 0,
        "shouldDisplayMessage" : false,
        "stepsCount" : 0,
        "hasContent" : true
      }, {
        "name" : "Enter password",
        "time" : {
          "start" : 1732902172966,
          "stop" : 1732902173022,
          "duration" : 56
        },
        "status" : "passed",
        "steps" : [ ],
        "attachments" : [ ],
        "parameters" : [ {
          "name" : "password",
          "value" : "''"
        } ],
        "attachmentsCount" : 0,
        "shouldDisplayMessage" : false,
        "stepsCount" : 0,
        "hasContent" : true
      }, {
        "name" : "Click on button login",
        "time" : {
          "start" : 1732902173022,
          "stop" : 1732902173480,
          "duration" : 458
        },
        "status" : "passed",
        "steps" : [ ],
        "attachments" : [ ],
        "parameters" : [ ],
        "attachmentsCount" : 0,
        "shouldDisplayMessage" : false,
        "stepsCount" : 0,
        "hasContent" : false
      } ],
      "attachments" : [ ],
      "parameters" : [ {
        "name" : "login",
        "value" : "''"
      }, {
        "name" : "password",
        "value" : "''"
      } ],
      "attachmentsCount" : 0,
      "shouldDisplayMessage" : false,
      "stepsCount" : 3,
      "hasContent" : true
    }, {
      "name" : "Page https://sdesk.qa.eft-pos.ru/requests is opened",
      "time" : {
        "start" : 1732902173480,
        "stop" : 1732902185499,
        "duration" : 12019
      },
      "status" : "broken",
      "statusMessage" : "selenium.common.exceptions.TimeoutException: Message: \n\n",
      "statusTrace" : "  File \"/usr/workspace/base/base_page.py\", line 33, in is_opened\n    self.wait.until(self.EC.url_contains(self._PAGE_URL))\n  File \"/usr/local/lib/python3.12/site-packages/selenium/webdriver/support/wait.py\", line 105, in until\n    raise TimeoutException(message, screen, stacktrace)\n",
      "steps" : [ ],
      "attachments" : [ ],
      "parameters" : [ ],
      "attachmentsCount" : 0,
      "shouldDisplayMessage" : true,
      "stepsCount" : 0,
      "hasContent" : true
    } ],
    "attachments" : [ ],
    "parameters" : [ ],
    "attachmentsCount" : 0,
    "shouldDisplayMessage" : true,
    "stepsCount" : 6,
    "hasContent" : true
  },
  "afterStages" : [ {
    "name" : "driver::0",
    "time" : {
      "start" : 1732902185506,
      "stop" : 1732902185678,
      "duration" : 172
    },
    "status" : "passed",
    "steps" : [ ],
    "attachments" : [ {
      "uid" : "aad99d378292ed1b",
      "name" : "Screenshot",
      "source" : "aad99d378292ed1b.png",
      "type" : "image/png",
      "size" : 39318
    } ],
    "parameters" : [ ],
    "attachmentsCount" : 1,
    "shouldDisplayMessage" : false,
    "stepsCount" : 0,
    "hasContent" : true
  }, {
    "name" : "_xunit_setup_method_fixture_TestAddNewServices::0",
    "time" : {
      "start" : 1732902185506,
      "stop" : 1732902185506,
      "duration" : 0
    },
    "status" : "passed",
    "steps" : [ ],
    "attachments" : [ ],
    "parameters" : [ ],
    "attachmentsCount" : 0,
    "shouldDisplayMessage" : false,
    "stepsCount" : 0,
    "hasContent" : false
  } ],
  "labels" : [ {
    "name" : "epic",
    "value" : "Services"
  }, {
    "name" : "story",
    "value" : "New services"
  }, {
    "name" : "severity",
    "value" : "trivial"
  }, {
    "name" : "tag",
    "value" : "smoke"
  }, {
    "name" : "parentSuite",
    "value" : "tests"
  }, {
    "name" : "suite",
    "value" : "test_add_new_services"
  }, {
    "name" : "subSuite",
    "value" : "TestAddNewServices"
  }, {
    "name" : "host",
    "value" : "7dd17bcc1273"
  }, {
    "name" : "thread",
    "value" : "15-MainThread"
  }, {
    "name" : "framework",
    "value" : "pytest"
  }, {
    "name" : "language",
    "value" : "cpython3"
  }, {
    "name" : "package",
    "value" : "tests.test_add_new_services"
  }, {
    "name" : "resultFormat",
    "value" : "allure2"
  } ],
  "parameters" : [ ],
  "links" : [ ],
  "hidden" : false,
  "retry" : false,
  "extra" : {
    "severity" : "trivial",
    "retries" : [ {
      "uid" : "91edfd329fe6eb52",
      "status" : "broken",
      "statusDetails" : "selenium.common.exceptions.TimeoutException: Message:",
      "time" : {
        "start" : 1732902111177,
        "stop" : 1732902145374,
        "duration" : 34197
      }
    }, {
      "uid" : "2fb600dd4c0b08e3",
      "status" : "broken",
      "statusDetails" : "selenium.common.exceptions.TimeoutException: Message:",
      "time" : {
        "start" : 1732902076688,
        "stop" : 1732902110348,
        "duration" : 33660
      }
    }, {
      "uid" : "22e2c7aaf97aecf6",
      "status" : "broken",
      "statusDetails" : "selenium.common.exceptions.TimeoutException: Message:",
      "time" : {
        "start" : 1732902034606,
        "stop" : 1732902075927,
        "duration" : 41321
      }
    } ],
    "categories" : [ {
      "name" : "Test defects",
      "matchedStatuses" : [ ],
      "flaky" : false
    } ],
    "history" : {
      "statistic" : {
        "failed" : 0,
        "broken" : 2,
        "skipped" : 0,
        "passed" : 0,
        "unknown" : 0,
        "total" : 2
      },
      "items" : [ {
        "uid" : "f1744f36518b3ac2",
        "reportUrl" : "https://RuslanSR-dev.github.io/gh-docker//#testresult/f1744f36518b3ac2",
        "status" : "broken",
        "statusDetails" : "selenium.common.exceptions.TimeoutException: Message:",
        "time" : {
          "start" : 1732900882853,
          "stop" : 1732900910540,
          "duration" : 27687
        }
      } ]
    },
    "tags" : [ "smoke" ]
  },
  "source" : "874c8d7d93664849.json",
  "parameterValues" : [ ]
}