{
  "uid" : "bf4714debf2a0107",
  "name" : "Create a new request",
  "fullName" : "tests.test_add_new_services.TestAddNewServices#test_create_new_request",
  "historyId" : "a11523a7060bd6db37e62ce2f20289cd",
  "time" : {
    "start" : 1732902995628,
    "stop" : 1732903035328,
    "duration" : 39700
  },
  "status" : "broken",
  "statusMessage" : "selenium.common.exceptions.TimeoutException: Message:",
  "statusTrace" : "self = <test_add_new_services.TestAddNewServices object at 0x7fec6a6cd430>\n\n    @allure.title(\"Create a new request\")\n    @allure.severity(Severity.TRIVIAL)\n    @pytest.mark.smoke\n    def test_create_new_request(self):\n        self.login_page.open()\n        self.login_page.login(os.getenv(\"LOGIN_DOCKER\"), os.getenv(\"PASSWORD_DOCKER\"))\n>       self.request_page.is_opened()\n\ntests/test_add_new_services.py:55: \n_ _ _ _ _ _ _ _ _ _ _ _ _ _ _ _ _ _ _ _ _ _ _ _ _ _ _ _ _ _ _ _ _ _ _ _ _ _ _ _ \nbase/base_page.py:33: in is_opened\n    self.wait.until(self.EC.url_contains(self._PAGE_URL))\n_ _ _ _ _ _ _ _ _ _ _ _ _ _ _ _ _ _ _ _ _ _ _ _ _ _ _ _ _ _ _ _ _ _ _ _ _ _ _ _ \n\nself = <selenium.webdriver.support.wait.WebDriverWait (session=\"ad9f621c00dbc514bd04cfb86f4a3bd4\")>\nmethod = <function url_contains.<locals>._predicate at 0x7fec6a6de840>\nmessage = ''\n\n    def until(self, method: Callable[[D], Union[Literal[False], T]], message: str = \"\") -> T:\n        \"\"\"Calls the method provided with the driver as an argument until the \\\n        return value does not evaluate to ``False``.\n    \n        :param method: callable(WebDriver)\n        :param message: optional message for :exc:`TimeoutException`\n        :returns: the result of the last call to `method`\n        :raises: :exc:`selenium.common.exceptions.TimeoutException` if timeout occurs\n        \"\"\"\n        screen = None\n        stacktrace = None\n    \n        end_time = time.monotonic() + self._timeout\n        while True:\n            try:\n                value = method(self._driver)\n                if value:\n                    return value\n            except self._ignored_exceptions as exc:\n                screen = getattr(exc, \"screen\", None)\n                stacktrace = getattr(exc, \"stacktrace\", None)\n            if time.monotonic() > end_time:\n                break\n            time.sleep(self._poll)\n>       raise TimeoutException(message, screen, stacktrace)\nE       selenium.common.exceptions.TimeoutException: Message:\n\n../local/lib/python3.12/site-packages/selenium/webdriver/support/wait.py:105: TimeoutException",
  "flaky" : false,
  "newFailed" : false,
  "beforeStages" : [ {
    "name" : "_session_faker",
    "time" : {
      "start" : 1732902994788,
      "stop" : 1732902994791,
      "duration" : 3
    },
    "status" : "passed",
    "steps" : [ ],
    "attachments" : [ ],
    "parameters" : [ ],
    "attachmentsCount" : 0,
    "shouldDisplayMessage" : false,
    "stepsCount" : 0,
    "hasContent" : false
  }, {
    "name" : "driver",
    "time" : {
      "start" : 1732902994791,
      "stop" : 1732902995627,
      "duration" : 836
    },
    "status" : "passed",
    "steps" : [ ],
    "attachments" : [ ],
    "parameters" : [ ],
    "attachmentsCount" : 0,
    "shouldDisplayMessage" : false,
    "stepsCount" : 0,
    "hasContent" : false
  }, {
    "name" : "take_screenshot_on_failure",
    "time" : {
      "start" : 1732902995627,
      "stop" : 1732902995627,
      "duration" : 0
    },
    "status" : "passed",
    "steps" : [ ],
    "attachments" : [ ],
    "parameters" : [ ],
    "attachmentsCount" : 0,
    "shouldDisplayMessage" : false,
    "stepsCount" : 0,
    "hasContent" : false
  }, {
    "name" : "_xunit_setup_method_fixture_TestAddNewServices",
    "time" : {
      "start" : 1732902995627,
      "stop" : 1732902995627,
      "duration" : 0
    },
    "status" : "passed",
    "steps" : [ ],
    "attachments" : [ ],
    "parameters" : [ ],
    "attachmentsCount" : 0,
    "shouldDisplayMessage" : false,
    "stepsCount" : 0,
    "hasContent" : false
  } ],
  "testStage" : {
    "status" : "broken",
    "statusMessage" : "selenium.common.exceptions.TimeoutException: Message:",
    "statusTrace" : "self = <test_add_new_services.TestAddNewServices object at 0x7fec6a6cd430>\n\n    @allure.title(\"Create a new request\")\n    @allure.severity(Severity.TRIVIAL)\n    @pytest.mark.smoke\n    def test_create_new_request(self):\n        self.login_page.open()\n        self.login_page.login(os.getenv(\"LOGIN_DOCKER\"), os.getenv(\"PASSWORD_DOCKER\"))\n>       self.request_page.is_opened()\n\ntests/test_add_new_services.py:55: \n_ _ _ _ _ _ _ _ _ _ _ _ _ _ _ _ _ _ _ _ _ _ _ _ _ _ _ _ _ _ _ _ _ _ _ _ _ _ _ _ \nbase/base_page.py:33: in is_opened\n    self.wait.until(self.EC.url_contains(self._PAGE_URL))\n_ _ _ _ _ _ _ _ _ _ _ _ _ _ _ _ _ _ _ _ _ _ _ _ _ _ _ _ _ _ _ _ _ _ _ _ _ _ _ _ \n\nself = <selenium.webdriver.support.wait.WebDriverWait (session=\"ad9f621c00dbc514bd04cfb86f4a3bd4\")>\nmethod = <function url_contains.<locals>._predicate at 0x7fec6a6de840>\nmessage = ''\n\n    def until(self, method: Callable[[D], Union[Literal[False], T]], message: str = \"\") -> T:\n        \"\"\"Calls the method provided with the driver as an argument until the \\\n        return value does not evaluate to ``False``.\n    \n        :param method: callable(WebDriver)\n        :param message: optional message for :exc:`TimeoutException`\n        :returns: the result of the last call to `method`\n        :raises: :exc:`selenium.common.exceptions.TimeoutException` if timeout occurs\n        \"\"\"\n        screen = None\n        stacktrace = None\n    \n        end_time = time.monotonic() + self._timeout\n        while True:\n            try:\n                value = method(self._driver)\n                if value:\n                    return value\n            except self._ignored_exceptions as exc:\n                screen = getattr(exc, \"screen\", None)\n                stacktrace = getattr(exc, \"stacktrace\", None)\n            if time.monotonic() > end_time:\n                break\n            time.sleep(self._poll)\n>       raise TimeoutException(message, screen, stacktrace)\nE       selenium.common.exceptions.TimeoutException: Message:\n\n../local/lib/python3.12/site-packages/selenium/webdriver/support/wait.py:105: TimeoutException",
    "steps" : [ {
      "name" : "Page open https://sdesk.qa.eft-pos.ru/login",
      "time" : {
        "start" : 1732902995628,
        "stop" : 1732903022701,
        "duration" : 27073
      },
      "status" : "passed",
      "steps" : [ ],
      "attachments" : [ ],
      "parameters" : [ ],
      "attachmentsCount" : 0,
      "shouldDisplayMessage" : false,
      "stepsCount" : 0,
      "hasContent" : false
    }, {
      "name" : "Account login",
      "time" : {
        "start" : 1732903022701,
        "stop" : 1732903023307,
        "duration" : 606
      },
      "status" : "passed",
      "steps" : [ {
        "name" : "Enter login",
        "time" : {
          "start" : 1732903022701,
          "stop" : 1732903022774,
          "duration" : 73
        },
        "status" : "passed",
        "steps" : [ ],
        "attachments" : [ ],
        "parameters" : [ {
          "name" : "login",
          "value" : "''"
        } ],
        "attachmentsCount" : 0,
        "shouldDisplayMessage" : false,
        "stepsCount" : 0,
        "hasContent" : true
      }, {
        "name" : "Enter password",
        "time" : {
          "start" : 1732903022775,
          "stop" : 1732903022832,
          "duration" : 57
        },
        "status" : "passed",
        "steps" : [ ],
        "attachments" : [ ],
        "parameters" : [ {
          "name" : "password",
          "value" : "''"
        } ],
        "attachmentsCount" : 0,
        "shouldDisplayMessage" : false,
        "stepsCount" : 0,
        "hasContent" : true
      }, {
        "name" : "Click on button login",
        "time" : {
          "start" : 1732903022832,
          "stop" : 1732903023307,
          "duration" : 475
        },
        "status" : "passed",
        "steps" : [ ],
        "attachments" : [ ],
        "parameters" : [ ],
        "attachmentsCount" : 0,
        "shouldDisplayMessage" : false,
        "stepsCount" : 0,
        "hasContent" : false
      } ],
      "attachments" : [ ],
      "parameters" : [ {
        "name" : "login",
        "value" : "''"
      }, {
        "name" : "password",
        "value" : "''"
      } ],
      "attachmentsCount" : 0,
      "shouldDisplayMessage" : false,
      "stepsCount" : 3,
      "hasContent" : true
    }, {
      "name" : "Page https://sdesk.qa.eft-pos.ru/requests is opened",
      "time" : {
        "start" : 1732903023307,
        "stop" : 1732903035327,
        "duration" : 12020
      },
      "status" : "broken",
      "statusMessage" : "selenium.common.exceptions.TimeoutException: Message: \n\n",
      "statusTrace" : "  File \"/usr/workspace/base/base_page.py\", line 33, in is_opened\n    self.wait.until(self.EC.url_contains(self._PAGE_URL))\n  File \"/usr/local/lib/python3.12/site-packages/selenium/webdriver/support/wait.py\", line 105, in until\n    raise TimeoutException(message, screen, stacktrace)\n",
      "steps" : [ ],
      "attachments" : [ ],
      "parameters" : [ ],
      "attachmentsCount" : 0,
      "shouldDisplayMessage" : true,
      "stepsCount" : 0,
      "hasContent" : true
    } ],
    "attachments" : [ ],
    "parameters" : [ ],
    "attachmentsCount" : 0,
    "shouldDisplayMessage" : true,
    "stepsCount" : 6,
    "hasContent" : true
  },
  "afterStages" : [ {
    "name" : "driver::0",
    "time" : {
      "start" : 1732903035482,
      "stop" : 1732903035549,
      "duration" : 67
    },
    "status" : "passed",
    "steps" : [ ],
    "attachments" : [ ],
    "parameters" : [ ],
    "attachmentsCount" : 0,
    "shouldDisplayMessage" : false,
    "stepsCount" : 0,
    "hasContent" : false
  }, {
    "name" : "take_screenshot_on_failure::0",
    "time" : {
      "start" : 1732903035368,
      "stop" : 1732903035482,
      "duration" : 114
    },
    "status" : "passed",
    "steps" : [ ],
    "attachments" : [ {
      "uid" : "a9c181e86f06a6ec",
      "name" : "Screen on failure",
      "source" : "a9c181e86f06a6ec.png",
      "type" : "image/png",
      "size" : 39318
    } ],
    "parameters" : [ ],
    "attachmentsCount" : 1,
    "shouldDisplayMessage" : false,
    "stepsCount" : 0,
    "hasContent" : true
  }, {
    "name" : "_xunit_setup_method_fixture_TestAddNewServices::0",
    "time" : {
      "start" : 1732903035367,
      "stop" : 1732903035367,
      "duration" : 0
    },
    "status" : "passed",
    "steps" : [ ],
    "attachments" : [ ],
    "parameters" : [ ],
    "attachmentsCount" : 0,
    "shouldDisplayMessage" : false,
    "stepsCount" : 0,
    "hasContent" : false
  } ],
  "labels" : [ {
    "name" : "severity",
    "value" : "trivial"
  }, {
    "name" : "epic",
    "value" : "Services"
  }, {
    "name" : "story",
    "value" : "New services"
  }, {
    "name" : "tag",
    "value" : "smoke"
  }, {
    "name" : "parentSuite",
    "value" : "tests"
  }, {
    "name" : "suite",
    "value" : "test_add_new_services"
  }, {
    "name" : "subSuite",
    "value" : "TestAddNewServices"
  }, {
    "name" : "host",
    "value" : "1df454a16cca"
  }, {
    "name" : "thread",
    "value" : "15-MainThread"
  }, {
    "name" : "framework",
    "value" : "pytest"
  }, {
    "name" : "language",
    "value" : "cpython3"
  }, {
    "name" : "package",
    "value" : "tests.test_add_new_services"
  }, {
    "name" : "resultFormat",
    "value" : "allure2"
  } ],
  "parameters" : [ ],
  "links" : [ ],
  "hidden" : false,
  "retry" : false,
  "extra" : {
    "severity" : "trivial",
    "retries" : [ ],
    "categories" : [ {
      "name" : "Test defects",
      "matchedStatuses" : [ ],
      "flaky" : false
    } ],
    "history" : {
      "statistic" : {
        "failed" : 0,
        "broken" : 4,
        "skipped" : 0,
        "passed" : 0,
        "unknown" : 0,
        "total" : 4
      },
      "items" : [ {
        "uid" : "ccc8e57f9c2595ef",
        "reportUrl" : "https://RuslanSR-dev.github.io/gh-docker//#testresult/ccc8e57f9c2595ef",
        "status" : "broken",
        "statusDetails" : "selenium.common.exceptions.TimeoutException: Message:",
        "time" : {
          "start" : 1732902407497,
          "stop" : 1732902449175,
          "duration" : 41678
        }
      }, {
        "uid" : "874c8d7d93664849",
        "reportUrl" : "https://RuslanSR-dev.github.io/gh-docker//#testresult/874c8d7d93664849",
        "status" : "broken",
        "statusDetails" : "selenium.common.exceptions.TimeoutException: Message:",
        "time" : {
          "start" : 1732902146026,
          "stop" : 1732902185499,
          "duration" : 39473
        }
      }, {
        "uid" : "f1744f36518b3ac2",
        "reportUrl" : "https://RuslanSR-dev.github.io/gh-docker//#testresult/f1744f36518b3ac2",
        "status" : "broken",
        "statusDetails" : "selenium.common.exceptions.TimeoutException: Message:",
        "time" : {
          "start" : 1732900882853,
          "stop" : 1732900910540,
          "duration" : 27687
        }
      } ]
    },
    "tags" : [ "smoke" ]
  },
  "source" : "bf4714debf2a0107.json",
  "parameterValues" : [ ]
}