{
  "uid" : "ccc8e57f9c2595ef",
  "name" : "Create a new request",
  "fullName" : "tests.test_add_new_services.TestAddNewServices#test_create_new_request",
  "historyId" : "a11523a7060bd6db37e62ce2f20289cd",
  "time" : {
    "start" : 1732902407497,
    "stop" : 1732902449175,
    "duration" : 41678
  },
  "status" : "broken",
  "statusMessage" : "selenium.common.exceptions.TimeoutException: Message:",
  "statusTrace" : "self = <test_add_new_services.TestAddNewServices object at 0x7f29055d9370>\n\n    @allure.title(\"Create a new request\")\n    @allure.severity(Severity.TRIVIAL)\n    @pytest.mark.smoke\n    def test_create_new_request(self):\n        self.login_page.open()\n        self.login_page.login(os.getenv(\"LOGIN_DOCKER\"), os.getenv(\"PASSWORD_DOCKER\"))\n>       self.request_page.is_opened()\n\ntests/test_add_new_services.py:55: \n_ _ _ _ _ _ _ _ _ _ _ _ _ _ _ _ _ _ _ _ _ _ _ _ _ _ _ _ _ _ _ _ _ _ _ _ _ _ _ _ \nbase/base_page.py:33: in is_opened\n    self.wait.until(self.EC.url_contains(self._PAGE_URL))\n_ _ _ _ _ _ _ _ _ _ _ _ _ _ _ _ _ _ _ _ _ _ _ _ _ _ _ _ _ _ _ _ _ _ _ _ _ _ _ _ \n\nself = <selenium.webdriver.support.wait.WebDriverWait (session=\"41849835f0ceb3316fbe5d6f0de60109\")>\nmethod = <function url_contains.<locals>._predicate at 0x7f29055e6840>\nmessage = ''\n\n    def until(self, method: Callable[[D], Union[Literal[False], T]], message: str = \"\") -> T:\n        \"\"\"Calls the method provided with the driver as an argument until the \\\n        return value does not evaluate to ``False``.\n    \n        :param method: callable(WebDriver)\n        :param message: optional message for :exc:`TimeoutException`\n        :returns: the result of the last call to `method`\n        :raises: :exc:`selenium.common.exceptions.TimeoutException` if timeout occurs\n        \"\"\"\n        screen = None\n        stacktrace = None\n    \n        end_time = time.monotonic() + self._timeout\n        while True:\n            try:\n                value = method(self._driver)\n                if value:\n                    return value\n            except self._ignored_exceptions as exc:\n                screen = getattr(exc, \"screen\", None)\n                stacktrace = getattr(exc, \"stacktrace\", None)\n            if time.monotonic() > end_time:\n                break\n            time.sleep(self._poll)\n>       raise TimeoutException(message, screen, stacktrace)\nE       selenium.common.exceptions.TimeoutException: Message:\n\n../local/lib/python3.12/site-packages/selenium/webdriver/support/wait.py:105: TimeoutException",
  "flaky" : false,
  "newFailed" : false,
  "beforeStages" : [ {
    "name" : "_xunit_setup_method_fixture_TestAddNewServices",
    "time" : {
      "start" : 1732902407495,
      "stop" : 1732902407496,
      "duration" : 1
    },
    "status" : "passed",
    "steps" : [ ],
    "attachments" : [ ],
    "parameters" : [ ],
    "attachmentsCount" : 0,
    "shouldDisplayMessage" : false,
    "stepsCount" : 0,
    "hasContent" : false
  }, {
    "name" : "take_screenshot_on_failure",
    "time" : {
      "start" : 1732902407495,
      "stop" : 1732902407495,
      "duration" : 0
    },
    "status" : "passed",
    "steps" : [ ],
    "attachments" : [ ],
    "parameters" : [ ],
    "attachmentsCount" : 0,
    "shouldDisplayMessage" : false,
    "stepsCount" : 0,
    "hasContent" : false
  }, {
    "name" : "driver",
    "time" : {
      "start" : 1732902406810,
      "stop" : 1732902407495,
      "duration" : 685
    },
    "status" : "passed",
    "steps" : [ ],
    "attachments" : [ ],
    "parameters" : [ ],
    "attachmentsCount" : 0,
    "shouldDisplayMessage" : false,
    "stepsCount" : 0,
    "hasContent" : false
  }, {
    "name" : "_session_faker",
    "time" : {
      "start" : 1732902406806,
      "stop" : 1732902406810,
      "duration" : 4
    },
    "status" : "passed",
    "steps" : [ ],
    "attachments" : [ ],
    "parameters" : [ ],
    "attachmentsCount" : 0,
    "shouldDisplayMessage" : false,
    "stepsCount" : 0,
    "hasContent" : false
  } ],
  "testStage" : {
    "status" : "broken",
    "statusMessage" : "selenium.common.exceptions.TimeoutException: Message:",
    "statusTrace" : "self = <test_add_new_services.TestAddNewServices object at 0x7f29055d9370>\n\n    @allure.title(\"Create a new request\")\n    @allure.severity(Severity.TRIVIAL)\n    @pytest.mark.smoke\n    def test_create_new_request(self):\n        self.login_page.open()\n        self.login_page.login(os.getenv(\"LOGIN_DOCKER\"), os.getenv(\"PASSWORD_DOCKER\"))\n>       self.request_page.is_opened()\n\ntests/test_add_new_services.py:55: \n_ _ _ _ _ _ _ _ _ _ _ _ _ _ _ _ _ _ _ _ _ _ _ _ _ _ _ _ _ _ _ _ _ _ _ _ _ _ _ _ \nbase/base_page.py:33: in is_opened\n    self.wait.until(self.EC.url_contains(self._PAGE_URL))\n_ _ _ _ _ _ _ _ _ _ _ _ _ _ _ _ _ _ _ _ _ _ _ _ _ _ _ _ _ _ _ _ _ _ _ _ _ _ _ _ \n\nself = <selenium.webdriver.support.wait.WebDriverWait (session=\"41849835f0ceb3316fbe5d6f0de60109\")>\nmethod = <function url_contains.<locals>._predicate at 0x7f29055e6840>\nmessage = ''\n\n    def until(self, method: Callable[[D], Union[Literal[False], T]], message: str = \"\") -> T:\n        \"\"\"Calls the method provided with the driver as an argument until the \\\n        return value does not evaluate to ``False``.\n    \n        :param method: callable(WebDriver)\n        :param message: optional message for :exc:`TimeoutException`\n        :returns: the result of the last call to `method`\n        :raises: :exc:`selenium.common.exceptions.TimeoutException` if timeout occurs\n        \"\"\"\n        screen = None\n        stacktrace = None\n    \n        end_time = time.monotonic() + self._timeout\n        while True:\n            try:\n                value = method(self._driver)\n                if value:\n                    return value\n            except self._ignored_exceptions as exc:\n                screen = getattr(exc, \"screen\", None)\n                stacktrace = getattr(exc, \"stacktrace\", None)\n            if time.monotonic() > end_time:\n                break\n            time.sleep(self._poll)\n>       raise TimeoutException(message, screen, stacktrace)\nE       selenium.common.exceptions.TimeoutException: Message:\n\n../local/lib/python3.12/site-packages/selenium/webdriver/support/wait.py:105: TimeoutException",
    "steps" : [ {
      "name" : "Page open https://sdesk.qa.eft-pos.ru/login",
      "time" : {
        "start" : 1732902407497,
        "stop" : 1732902436514,
        "duration" : 29017
      },
      "status" : "passed",
      "steps" : [ ],
      "attachments" : [ ],
      "parameters" : [ ],
      "attachmentsCount" : 0,
      "shouldDisplayMessage" : false,
      "stepsCount" : 0,
      "hasContent" : false
    }, {
      "name" : "Account login",
      "time" : {
        "start" : 1732902436514,
        "stop" : 1732902437154,
        "duration" : 640
      },
      "status" : "passed",
      "steps" : [ {
        "name" : "Enter login",
        "time" : {
          "start" : 1732902436514,
          "stop" : 1732902436588,
          "duration" : 74
        },
        "status" : "passed",
        "steps" : [ ],
        "attachments" : [ ],
        "parameters" : [ {
          "name" : "login",
          "value" : "''"
        } ],
        "attachmentsCount" : 0,
        "shouldDisplayMessage" : false,
        "stepsCount" : 0,
        "hasContent" : true
      }, {
        "name" : "Enter password",
        "time" : {
          "start" : 1732902436588,
          "stop" : 1732902436644,
          "duration" : 56
        },
        "status" : "passed",
        "steps" : [ ],
        "attachments" : [ ],
        "parameters" : [ {
          "name" : "password",
          "value" : "''"
        } ],
        "attachmentsCount" : 0,
        "shouldDisplayMessage" : false,
        "stepsCount" : 0,
        "hasContent" : true
      }, {
        "name" : "Click on button login",
        "time" : {
          "start" : 1732902436644,
          "stop" : 1732902437154,
          "duration" : 510
        },
        "status" : "passed",
        "steps" : [ ],
        "attachments" : [ ],
        "parameters" : [ ],
        "attachmentsCount" : 0,
        "shouldDisplayMessage" : false,
        "stepsCount" : 0,
        "hasContent" : false
      } ],
      "attachments" : [ ],
      "parameters" : [ {
        "name" : "login",
        "value" : "''"
      }, {
        "name" : "password",
        "value" : "''"
      } ],
      "attachmentsCount" : 0,
      "shouldDisplayMessage" : false,
      "stepsCount" : 3,
      "hasContent" : true
    }, {
      "name" : "Page https://sdesk.qa.eft-pos.ru/requests is opened",
      "time" : {
        "start" : 1732902437154,
        "stop" : 1732902449175,
        "duration" : 12021
      },
      "status" : "broken",
      "statusMessage" : "selenium.common.exceptions.TimeoutException: Message: \n\n",
      "statusTrace" : "  File \"/usr/workspace/base/base_page.py\", line 33, in is_opened\n    self.wait.until(self.EC.url_contains(self._PAGE_URL))\n  File \"/usr/local/lib/python3.12/site-packages/selenium/webdriver/support/wait.py\", line 105, in until\n    raise TimeoutException(message, screen, stacktrace)\n",
      "steps" : [ ],
      "attachments" : [ ],
      "parameters" : [ ],
      "attachmentsCount" : 0,
      "shouldDisplayMessage" : true,
      "stepsCount" : 0,
      "hasContent" : true
    } ],
    "attachments" : [ ],
    "parameters" : [ ],
    "attachmentsCount" : 0,
    "shouldDisplayMessage" : true,
    "stepsCount" : 6,
    "hasContent" : true
  },
  "afterStages" : [ {
    "name" : "_xunit_setup_method_fixture_TestAddNewServices::0",
    "time" : {
      "start" : 1732902449215,
      "stop" : 1732902449215,
      "duration" : 0
    },
    "status" : "passed",
    "steps" : [ ],
    "attachments" : [ ],
    "parameters" : [ ],
    "attachmentsCount" : 0,
    "shouldDisplayMessage" : false,
    "stepsCount" : 0,
    "hasContent" : false
  }, {
    "name" : "take_screenshot_on_failure::0",
    "time" : {
      "start" : 1732902449215,
      "stop" : 1732902449217,
      "duration" : 2
    },
    "status" : "broken",
    "statusMessage" : "AttributeError: 'NoneType' object has no attribute 'get_screenshot_as_png'\n",
    "statusTrace" : "  File \"/usr/local/lib/python3.12/site-packages/allure_commons/_allure.py\", line 221, in __call__\n    return self._fixture_function(*args, **kwargs)\n           ^^^^^^^^^^^^^^^^^^^^^^^^^^^^^^^^^^^^^^^\n  File \"/usr/local/lib/python3.12/site-packages/_pytest/fixtures.py\", line 907, in _teardown_yield_fixture\n    next(it)\n  File \"/usr/workspace/conftest.py\", line 71, in take_screenshot_on_failure\n    screenshot = driver.get_screenshot_as_png()\n                 ^^^^^^^^^^^^^^^^^^^^^^^^^^^^\n",
    "steps" : [ ],
    "attachments" : [ ],
    "parameters" : [ ],
    "attachmentsCount" : 0,
    "shouldDisplayMessage" : true,
    "stepsCount" : 0,
    "hasContent" : true
  }, {
    "name" : "driver::0",
    "time" : {
      "start" : 1732902449217,
      "stop" : 1732902449393,
      "duration" : 176
    },
    "status" : "passed",
    "steps" : [ ],
    "attachments" : [ {
      "uid" : "48ce5d0f0f4b64e5",
      "name" : "Screenshot",
      "source" : "48ce5d0f0f4b64e5.png",
      "type" : "image/png",
      "size" : 39318
    } ],
    "parameters" : [ ],
    "attachmentsCount" : 1,
    "shouldDisplayMessage" : false,
    "stepsCount" : 0,
    "hasContent" : true
  } ],
  "labels" : [ {
    "name" : "story",
    "value" : "New services"
  }, {
    "name" : "severity",
    "value" : "trivial"
  }, {
    "name" : "epic",
    "value" : "Services"
  }, {
    "name" : "tag",
    "value" : "smoke"
  }, {
    "name" : "parentSuite",
    "value" : "tests"
  }, {
    "name" : "suite",
    "value" : "test_add_new_services"
  }, {
    "name" : "subSuite",
    "value" : "TestAddNewServices"
  }, {
    "name" : "host",
    "value" : "229cf8d09b2b"
  }, {
    "name" : "thread",
    "value" : "15-MainThread"
  }, {
    "name" : "framework",
    "value" : "pytest"
  }, {
    "name" : "language",
    "value" : "cpython3"
  }, {
    "name" : "package",
    "value" : "tests.test_add_new_services"
  }, {
    "name" : "resultFormat",
    "value" : "allure2"
  } ],
  "parameters" : [ ],
  "links" : [ ],
  "hidden" : false,
  "retry" : false,
  "extra" : {
    "severity" : "trivial",
    "retries" : [ ],
    "categories" : [ {
      "name" : "Test defects",
      "matchedStatuses" : [ ],
      "flaky" : false
    } ],
    "history" : {
      "statistic" : {
        "failed" : 0,
        "broken" : 3,
        "skipped" : 0,
        "passed" : 0,
        "unknown" : 0,
        "total" : 3
      },
      "items" : [ {
        "uid" : "874c8d7d93664849",
        "reportUrl" : "https://RuslanSR-dev.github.io/gh-docker//#testresult/874c8d7d93664849",
        "status" : "broken",
        "statusDetails" : "selenium.common.exceptions.TimeoutException: Message:",
        "time" : {
          "start" : 1732902146026,
          "stop" : 1732902185499,
          "duration" : 39473
        }
      }, {
        "uid" : "f1744f36518b3ac2",
        "reportUrl" : "https://RuslanSR-dev.github.io/gh-docker//#testresult/f1744f36518b3ac2",
        "status" : "broken",
        "statusDetails" : "selenium.common.exceptions.TimeoutException: Message:",
        "time" : {
          "start" : 1732900882853,
          "stop" : 1732900910540,
          "duration" : 27687
        }
      } ]
    },
    "tags" : [ "smoke" ]
  },
  "source" : "ccc8e57f9c2595ef.json",
  "parameterValues" : [ ]
}